<?xml version="1.0" encoding="UTF-8"?>
<!-- Generated by org.testng.reporters.JUnitReportReporter -->
<testsuite hostname="Lalis-MacBook-Pro.local" failures="0" tests="1" name="amazonTest.LoginTest" time="11.910" errors="0" timestamp="2022-06-04T14:13:23 EDT" skipped="0">
  <testcase classname="amazonTest.LoginTest" name="loginToHomepage" time="11.910"/>
  <system-out/>
</testsuite> <!-- amazonTest.LoginTest -->
