<?xml version="1.0" encoding="UTF-8"?>
<!-- Generated by org.testng.reporters.JUnitReportReporter -->
<testsuite hostname="Lalis-MacBook-Pro.local" failures="0" tests="1" name="amazonTest.searchTest" time="10.642" errors="0" timestamp="2022-06-04T13:55:01 EDT" skipped="0">
  <testcase classname="amazonTest.searchTest" name="searchItem" time="10.642"/>
  <system-out/>
</testsuite> <!-- amazonTest.searchTest -->
